<?xml version="1.0" encoding="UTF-8"?>
<testsuites name="Login" time="36.648" tests="1" failures="0" errors="0">
   <testsuite name="Login" tests="1" failures="0" errors="0" time="36.648" timestamp="2020-07-13 17:50:36" hostname="komalh - ULTP689.synerzipune.local" id="Test Suites/Login/Login">
      <properties>
         <property name="deviceName" value=""/>
         <property name="devicePlatform" value=""/>
         <property name="logFolder" value="C:\\Users\\komalh\\git\\KatakonStudioRepo\\Reports\\20200713_175032\\Login\\Login\\20200713_175032"/>
         <property name="logFiles" value="C:\\Users\\komalh\\git\\KatakonStudioRepo\\Reports\\20200713_175032\\Login\\Login\\20200713_175032\\execution0.log"/>
         <property name="attachments" value=""/>
         <property name="hostName" value="komalh - ULTP689.synerzipune.local"/>
         <property name="os" value="Windows 10 64bit"/>
         <property name="katalonVersion" value="7.5.5.1"/>
         <property name="browser" value="Chrome 83.0.4103.116"/>
         <property name="hostAddress" value="192.168.0.106"/>
         <property name="sessionId" value="b2de979fb8fc1037d0bb0e7aed3318a0"/>
         <property name="seleniumVersion" value="3.141.59"/>
         <property name="proxyInformation" value="ProxyInformation { proxyOption=NO_PROXY, proxyServerType=HTTP, username=, password=********, proxyServerAddress=, proxyServerPort=0, executionList=\&quot;\&quot;, isApplyToDesiredCapabilities=true }"/>
         <property name="platform" value="Windows 10"/>
      </properties>
      <testcase name="Test Cases/Login/TC1_LoginSuperadmin" time="35.73" classname="Test Cases/Login/TC1_LoginSuperadmin" status="PASSED">
         <system-out><![CDATA[2020-07-13 17:50:37 - [TEST_CASE][PASSED] - Test Cases/Login/TC1_LoginSuperadmin: Test Cases/Login/TC1_LoginSuperadmin

2020-07-13 17:50:38 - [TEST_STEP][PASSED] - openBrowser(""): Browser is opened with url: ''

2020-07-13 17:50:38 - [MESSAGE][INFO] - Starting 'Chrome' driver

2020-07-13 17:50:38 - [MESSAGE][INFO] - Action delay is set to 0 milliseconds

2020-07-13 17:50:57 - [MESSAGE][PASSED] - Browser is opened with url: ''

2020-07-13 17:50:57 - [TEST_STEP][PASSED] - navigateToUrl("https://testconnect.lrsus.com/"): Navigate to 'https://testconnect.lrsus.com/' successfully

2020-07-13 17:50:59 - [MESSAGE][PASSED] - Navigate to 'https://testconnect.lrsus.com/' successfully

2020-07-13 17:50:59 - [TEST_STEP][PASSED] - click(findTestObject("Object Repository/TC1_LoginSuperadmin/Page_LRS Connect/html_LRS Connect                 Console-po_8f0059")): Object: 'Object Repository/TC1_LoginSuperadmin/Page_LRS Connect/html_LRS Connect                 Console-po_8f0059' is clicked on

2020-07-13 17:51:01 - [MESSAGE][PASSED] - Object: 'Object Repository/TC1_LoginSuperadmin/Page_LRS Connect/html_LRS Connect                 Console-po_8f0059' is clicked on

2020-07-13 17:51:01 - [TEST_STEP][PASSED] - setText(findTestObject("Object Repository/TC1_LoginSuperadmin/Page_LRS Connect/input_Email_j_username"), Username): Text 'superadmin@lrs.com' is set on object 'Object Repository/TC1_LoginSuperadmin/Page_LRS Connect/input_Email_j_username'

2020-07-13 17:51:06 - [MESSAGE][PASSED] - Text 'superadmin@lrs.com' is set on object 'Object Repository/TC1_LoginSuperadmin/Page_LRS Connect/input_Email_j_username'

2020-07-13 17:51:06 - [TEST_STEP][PASSED] - setText(findTestObject("Object Repository/TC1_LoginSuperadmin/Page_LRS Connect/input_Password_j_password"), Password): Text 'Password@123' is set on object 'Object Repository/TC1_LoginSuperadmin/Page_LRS Connect/input_Password_j_password'

2020-07-13 17:51:07 - [MESSAGE][PASSED] - Text 'Password@123' is set on object 'Object Repository/TC1_LoginSuperadmin/Page_LRS Connect/input_Password_j_password'

2020-07-13 17:51:07 - [TEST_STEP][PASSED] - click(findTestObject("Object Repository/TC1_LoginSuperadmin/Page_LRS Connect/button_Login")): Object: 'Object Repository/TC1_LoginSuperadmin/Page_LRS Connect/button_Login' is clicked on

2020-07-13 17:51:08 - [MESSAGE][PASSED] - Object: 'Object Repository/TC1_LoginSuperadmin/Page_LRS Connect/button_Login' is clicked on

2020-07-13 17:51:08 - [TEST_STEP][PASSED] - closeBrowser(): Browser is closed

2020-07-13 17:51:13 - [MESSAGE][PASSED] - Browser is closed]]></system-out>
         <system-err><![CDATA[]]></system-err>
      </testcase>
      <system-out><![CDATA[2020-07-13 17:50:36 - [TEST_SUITE][PASSED] - Login: Test Cases/Login/TC1_LoginSuperadmin]]></system-out>
      <system-err><![CDATA[]]></system-err>
   </testsuite>
</testsuites>
