<?xml version="1.0" encoding="UTF-8"?>
<testsuites name="Login" time="52.893" tests="1" failures="0" errors="0">
   <testsuite name="Login" tests="1" failures="0" errors="0" time="52.893" timestamp="2020-07-15 09:02:07" hostname="komalh - ULTP689.synerzipune.local" id="Test Suites/Login/Login">
      <properties>
         <property name="deviceName" value=""/>
         <property name="devicePlatform" value=""/>
         <property name="logFolder" value="C:\\Users\\komalh\\git\\KatakonStudioRepo\\Reports\\20200715_090204\\Login\\Login\\20200715_090204"/>
         <property name="logFiles" value="C:\\Users\\komalh\\git\\KatakonStudioRepo\\Reports\\20200715_090204\\Login\\Login\\20200715_090204\\execution0.log"/>
         <property name="attachments" value=""/>
         <property name="hostName" value="komalh - ULTP689.synerzipune.local"/>
         <property name="os" value="Windows 10 64bit"/>
         <property name="katalonVersion" value="7.5.5.1"/>
         <property name="browser" value="Chrome 83.0.4103.116"/>
         <property name="hostAddress" value="192.168.0.106"/>
         <property name="sessionId" value="962e2ba34ec42f04aa4605e272afe869"/>
         <property name="seleniumVersion" value="3.141.59"/>
         <property name="proxyInformation" value="ProxyInformation { proxyOption=NO_PROXY, proxyServerType=HTTP, username=, password=********, proxyServerAddress=, proxyServerPort=0, executionList=\&quot;\&quot;, isApplyToDesiredCapabilities=true }"/>
         <property name="platform" value="Windows 10"/>
      </properties>
      <testcase name="Test Cases/Login/TC1_LoginAccountOwner" time="52.181" classname="Test Cases/Login/TC1_LoginAccountOwner" status="PASSED">
         <system-out><![CDATA[2020-07-15 09:02:07 - [TEST_CASE][PASSED] - Test Cases/Login/TC1_LoginAccountOwner: Test Cases/Login/TC1_LoginAccountOwner

2020-07-15 09:02:08 - [TEST_STEP][PASSED] - openBrowser(""): Browser is opened with url: ''

2020-07-15 09:02:09 - [MESSAGE][INFO] - Starting 'Chrome' driver

2020-07-15 09:02:09 - [MESSAGE][INFO] - Action delay is set to 0 milliseconds

2020-07-15 09:02:14 - [MESSAGE][PASSED] - Browser is opened with url: ''

2020-07-15 09:02:14 - [TEST_STEP][PASSED] - navigateToUrl(Url): Navigate to 'https://testconnect.lrsus.com' successfully

2020-07-15 09:02:16 - [MESSAGE][PASSED] - Navigate to 'https://testconnect.lrsus.com' successfully

2020-07-15 09:02:16 - [TEST_STEP][PASSED] - setText(findTestObject("Object Repository/TC2_LoginAccountOwner/Page_LRS Connect/input_Email_j_username"), Username): Text 'komal.hargunani@synerzip.com' is set on object 'Object Repository/TC2_LoginAccountOwner/Page_LRS Connect/input_Email_j_username'

2020-07-15 09:02:39 - [MESSAGE][PASSED] - Text 'komal.hargunani@synerzip.com' is set on object 'Object Repository/TC2_LoginAccountOwner/Page_LRS Connect/input_Email_j_username'

2020-07-15 09:02:39 - [TEST_STEP][PASSED] - setText(findTestObject("Object Repository/TC2_LoginAccountOwner/Page_LRS Connect/input_Password_j_password"), Password): Text 'Komal@123' is set on object 'Object Repository/TC2_LoginAccountOwner/Page_LRS Connect/input_Password_j_password'

2020-07-15 09:02:40 - [MESSAGE][PASSED] - Text 'Komal@123' is set on object 'Object Repository/TC2_LoginAccountOwner/Page_LRS Connect/input_Password_j_password'

2020-07-15 09:02:40 - [TEST_STEP][PASSED] - click(findTestObject("TC2_LoginAccountOwner/Page_LRS Connect/button_Login")): Object: 'Object Repository/TC2_LoginAccountOwner/Page_LRS Connect/button_Login' is clicked on

2020-07-15 09:02:41 - [MESSAGE][PASSED] - Object: 'Object Repository/TC2_LoginAccountOwner/Page_LRS Connect/button_Login' is clicked on

2020-07-15 09:02:41 - [TEST_STEP][PASSED] - verifyElementText(findTestObject("TC2_LoginAccountOwner/Page_LRS Connect/Page_LRS Connect/a_Locations"), "Locations"): Actual text and expected text of test object 'Object Repository/TC2_LoginAccountOwner/Page_LRS Connect/Page_LRS Connect/a_Locations' are matched.

2020-07-15 09:02:59 - [MESSAGE][PASSED] - Actual text and expected text of test object 'Object Repository/TC2_LoginAccountOwner/Page_LRS Connect/Page_LRS Connect/a_Locations' are matched.

2020-07-15 09:02:59 - [TEST_STEP][PASSED] - closeBrowser(): Browser is closed

2020-07-15 09:03:00 - [MESSAGE][PASSED] - Browser is closed]]></system-out>
         <system-err><![CDATA[]]></system-err>
      </testcase>
      <system-out><![CDATA[2020-07-15 09:02:07 - [TEST_SUITE][PASSED] - Login: Test Cases/Login/TC1_LoginAccountOwner]]></system-out>
      <system-err><![CDATA[]]></system-err>
   </testsuite>
</testsuites>
